2025-07-25 19:59:56,811 - __main__ - INFO - Starting data generation...
2025-07-25 19:59:56,812 - __main__ - INFO - Generating data for leadingones...
2025-07-25 19:59:56,827 - __main__ - INFO - Running data generation for leadingones in generation environment
2025-07-25 20:00:00,575 - __main__ - INFO - Successfully generated leadingones data
2025-07-25 20:00:00,575 - __main__ - INFO - Generating data for onemax...
2025-07-25 20:00:00,576 - __main__ - INFO - Running data generation for onemax in generation environment
2025-07-25 20:00:05,228 - __main__ - INFO - Successfully generated onemax data
2025-07-25 20:00:05,228 - __main__ - INFO - Generating data for psacmaes...
2025-07-25 20:00:05,228 - __main__ - INFO - Running PSA-CMA-ES data generation in generation environment
2025-07-25 20:00:21,813 - __main__ - INFO - Successfully generated PSA-CMA-ES data
2025-07-25 20:05:41,070 - __main__ - INFO - Starting data generation...
2025-07-25 20:05:41,071 - __main__ - INFO - Generating data for leadingones...
2025-07-25 20:05:41,072 - __main__ - INFO - Running data generation for leadingones in generation environment
2025-07-25 20:05:45,506 - __main__ - INFO - Successfully generated leadingones data
2025-07-25 20:05:45,506 - __main__ - INFO - Generating data for onemax...
2025-07-25 20:05:45,507 - __main__ - INFO - Running data generation for onemax in generation environment
2025-07-25 20:05:49,479 - __main__ - INFO - Successfully generated onemax data
2025-07-25 20:05:49,479 - __main__ - INFO - Generating data for psacmaes...
2025-07-25 20:06:03,626 - __main__ - INFO - Starting data generation...
2025-07-25 20:06:03,626 - __main__ - INFO - Generating data for leadingones...
2025-07-25 20:06:03,627 - __main__ - INFO - Running data generation for leadingones in generation environment
2025-07-25 20:06:07,953 - __main__ - INFO - Successfully generated leadingones data
2025-07-25 20:06:07,953 - __main__ - INFO - Generating data for onemax...
2025-07-25 20:06:07,953 - __main__ - INFO - Running data generation for onemax in generation environment
2025-07-25 20:06:11,865 - __main__ - INFO - Successfully generated onemax data
2025-07-25 20:06:11,866 - __main__ - INFO - Generating data for psacmaes...
2025-07-25 20:06:11,866 - __main__ - INFO - Running PSA-CMA-ES data generation in generation environment
2025-07-25 20:06:28,971 - __main__ - INFO - Successfully generated PSA-CMA-ES data
2025-07-25 20:06:41,277 - __main__ - INFO - Generating evaluation commands for parallel execution...
2025-07-25 20:06:41,277 - __main__ - INFO - Generating commands for library evaluation...
2025-07-25 20:06:41,278 - __main__ - INFO - Adding individual algorithm commands for leadingones continuous data: Experiments/SuiteA/ComprehensiveLibraryExperiment/Datasets/Leadingones/GTLeadingOnes.csv
2025-07-25 20:06:41,279 - __main__ - INFO - Adding individual algorithm commands for onemax continuous data: Experiments/SuiteA/ComprehensiveLibraryExperiment/Datasets/Onemax/GTOneMax.csv
2025-07-25 20:06:41,280 - __main__ - INFO - Adding individual algorithm commands for PSA-CMA-ES sphere continuous data: Experiments/SuiteA/ComprehensiveLibraryExperiment/Datasets/PSACMAES/sphere/psa_vars.csv
2025-07-25 20:06:41,282 - __main__ - INFO - Adding individual algorithm commands for PSA-CMA-ES ellipsoid continuous data: Experiments/SuiteA/ComprehensiveLibraryExperiment/Datasets/PSACMAES/ellipsoid/psa_vars.csv
2025-07-25 20:06:41,283 - __main__ - INFO - Adding individual algorithm commands for PSA-CMA-ES rastrigin continuous data: Experiments/SuiteA/ComprehensiveLibraryExperiment/Datasets/PSACMAES/rastrigin/psa_vars.csv
2025-07-25 20:06:41,284 - __main__ - INFO - Adding individual algorithm commands for PSA-CMA-ES leave-one-out (excluding sphere) continuous data: Experiments/SuiteA/ComprehensiveLibraryExperiment/Datasets/PSACMAES/absent/sphere/psa_vars.csv
2025-07-25 20:06:41,285 - __main__ - INFO - Adding individual algorithm commands for PSA-CMA-ES leave-one-out (excluding ellipsoid) continuous data: Experiments/SuiteA/ComprehensiveLibraryExperiment/Datasets/PSACMAES/absent/ellipsoid/psa_vars.csv
2025-07-25 20:06:41,286 - __main__ - INFO - Adding individual algorithm commands for PSA-CMA-ES leave-one-out (excluding rastrigin) continuous data: Experiments/SuiteA/ComprehensiveLibraryExperiment/Datasets/PSACMAES/absent/rastrigin/psa_vars.csv
2025-07-25 20:06:41,513 - __main__ - INFO - Generated TODO.txt with evaluation commands: Experiments/SuiteA/ComprehensiveLibraryExperiment/TODO.txt
2025-07-25 20:06:41,513 - __main__ - INFO - Run './run.sh [NUM_CPUS]' in the experiment directory to execute evaluations in parallel
2025-07-25 20:10:32,085 - __main__ - INFO - Starting data generation...
2025-07-25 20:10:32,085 - __main__ - INFO - Generating data for psacmaes...
2025-07-25 20:10:32,086 - __main__ - INFO - Running PSA-CMA-ES data generation in generation environment
2025-07-25 20:10:49,446 - __main__ - INFO - Successfully generated PSA-CMA-ES data
2025-07-25 20:12:13,896 - __main__ - INFO - Starting data generation...
2025-07-25 20:12:13,896 - __main__ - INFO - Generating data for psacmaes...
2025-07-25 20:12:13,898 - __main__ - INFO - Running PSA-CMA-ES data generation in generation environment
2025-07-25 20:12:18,632 - __main__ - INFO - Successfully generated PSA-CMA-ES data
2025-07-25 20:12:47,421 - __main__ - INFO - Starting data generation...
2025-07-25 20:12:47,421 - __main__ - INFO - Generating data for psacmaes...
2025-07-25 20:12:47,422 - __main__ - INFO - Running PSA-CMA-ES data generation in generation environment
2025-07-25 20:12:50,658 - __main__ - INFO - Successfully generated PSA-CMA-ES data
2025-07-25 20:13:24,392 - __main__ - INFO - Starting data generation...
2025-07-25 20:13:24,393 - __main__ - INFO - Generating data for psacmaes...
2025-07-25 20:13:24,394 - __main__ - INFO - Running PSA-CMA-ES data generation in generation environment
2025-07-25 20:13:50,048 - __main__ - INFO - Successfully generated PSA-CMA-ES data
2025-07-25 20:13:59,919 - __main__ - INFO - Generating evaluation commands for parallel execution...
2025-07-25 20:13:59,920 - __main__ - INFO - Generating commands for library evaluation...
2025-07-25 20:13:59,959 - __main__ - INFO - Adding individual algorithm commands for PSA-CMA-ES sphere continuous data: Experiments/SuiteA/TestPSAIndividualOnly/Datasets/PSACMAES/sphere/psa_vars.csv
2025-07-25 20:13:59,993 - __main__ - INFO - Adding individual algorithm commands for PSA-CMA-ES ellipsoid continuous data: Experiments/SuiteA/TestPSAIndividualOnly/Datasets/PSACMAES/ellipsoid/psa_vars.csv
2025-07-25 20:13:59,995 - __main__ - INFO - Adding individual algorithm commands for PSA-CMA-ES rastrigin continuous data: Experiments/SuiteA/TestPSAIndividualOnly/Datasets/PSACMAES/rastrigin/psa_vars.csv
2025-07-25 20:13:59,997 - __main__ - INFO - Skipping PSA-CMA-ES all_benchmarks commands (all_benchmarks disabled)
2025-07-25 20:14:00,002 - __main__ - INFO - Generated TODO.txt with evaluation commands: Experiments/SuiteA/TestPSAIndividualOnly/TODO.txt
2025-07-25 20:14:00,002 - __main__ - INFO - Run './run.sh [NUM_CPUS]' in the experiment directory to execute evaluations in parallel
2025-07-25 20:16:37,391 - __main__ - INFO - Starting data generation...
2025-07-25 20:16:37,392 - __main__ - INFO - Generating data for psacmaes...
2025-07-25 20:16:37,393 - __main__ - INFO - Running PSA-CMA-ES data generation in generation environment
2025-07-25 20:16:55,332 - __main__ - INFO - Successfully generated PSA-CMA-ES data
2025-07-25 20:17:04,984 - __main__ - INFO - Generating evaluation commands for parallel execution...
2025-07-25 20:17:04,985 - __main__ - INFO - Generating commands for library evaluation...
2025-07-25 20:17:04,986 - __main__ - INFO - Skipping individual PSA-CMA-ES benchmark commands (individual_benchmarks disabled)
2025-07-25 20:17:04,987 - __main__ - INFO - Adding individual algorithm commands for PSA-CMA-ES all_benchmarks continuous data: Experiments/SuiteA/TestPSAAggregatedOnly/Datasets/PSACMAES/all_benchmarks.csv
2025-07-25 20:17:19,734 - __main__ - INFO - Generating evaluation commands for parallel execution...
2025-07-25 20:17:19,735 - __main__ - INFO - Generating commands for library evaluation...
2025-07-25 20:17:19,736 - __main__ - INFO - Skipping individual PSA-CMA-ES benchmark commands (individual_benchmarks disabled)
2025-07-25 20:17:19,736 - __main__ - INFO - Adding individual algorithm commands for PSA-CMA-ES all_benchmarks continuous data: Experiments/SuiteA/TestPSAAggregatedOnly/Datasets/PSACMAES/all_benchmarks.csv
2025-07-25 20:17:19,737 - __main__ - INFO - Adding individual algorithm commands for PSA-CMA-ES leave-one-out (excluding sphere) continuous data: Experiments/SuiteA/TestPSAAggregatedOnly/Datasets/PSACMAES/absent/sphere/psa_vars.csv
2025-07-25 20:17:19,739 - __main__ - INFO - Adding individual algorithm commands for PSA-CMA-ES leave-one-out (excluding ellipsoid) continuous data: Experiments/SuiteA/TestPSAAggregatedOnly/Datasets/PSACMAES/absent/ellipsoid/psa_vars.csv
2025-07-25 20:17:19,741 - __main__ - INFO - Adding individual algorithm commands for PSA-CMA-ES leave-one-out (excluding rastrigin) continuous data: Experiments/SuiteA/TestPSAAggregatedOnly/Datasets/PSACMAES/absent/rastrigin/psa_vars.csv
2025-07-25 20:17:19,746 - __main__ - INFO - Generated TODO.txt with evaluation commands: Experiments/SuiteA/TestPSAAggregatedOnly/TODO.txt
2025-07-25 20:17:19,746 - __main__ - INFO - Run './run.sh [NUM_CPUS]' in the experiment directory to execute evaluations in parallel
2025-07-25 20:34:22,166 - __main__ - INFO - Starting data generation...
2025-07-25 20:34:22,166 - __main__ - INFO - Generating data for leadingones...
2025-07-25 20:34:22,167 - __main__ - INFO - Running data generation for leadingones in generation environment
2025-07-25 20:34:26,185 - __main__ - INFO - Successfully generated leadingones data
2025-07-25 20:34:26,185 - __main__ - INFO - Generating data for onemax...
2025-07-25 20:34:26,186 - __main__ - INFO - Running data generation for onemax in generation environment
2025-07-25 20:34:29,890 - __main__ - INFO - Successfully generated onemax data
2025-07-25 20:34:29,890 - __main__ - INFO - Generating data for psacmaes...
2025-07-25 20:34:29,891 - __main__ - INFO - Running PSA-CMA-ES data generation in generation environment
2025-07-25 20:34:40,671 - __main__ - INFO - Successfully generated PSA-CMA-ES data
2025-07-25 20:34:49,578 - __main__ - INFO - Generating evaluation commands for parallel execution...
2025-07-25 20:34:49,578 - __main__ - INFO - Generating commands for library evaluation...
2025-07-25 20:34:49,579 - __main__ - INFO - Adding individual algorithm commands for leadingones continuous data: Experiments/SuiteA/ComprehensiveLibraryExperiment/Datasets/Leadingones/GTLeadingOnes.csv
2025-07-25 20:34:49,580 - __main__ - INFO - Adding individual algorithm commands for onemax continuous data: Experiments/SuiteA/ComprehensiveLibraryExperiment/Datasets/Onemax/GTOneMax.csv
2025-07-25 20:34:49,584 - __main__ - INFO - Adding individual algorithm commands for PSA-CMA-ES sphere continuous data: Experiments/SuiteA/ComprehensiveLibraryExperiment/Datasets/PSACMAES/sphere/psa_vars.csv
2025-07-25 20:34:49,586 - __main__ - INFO - Adding individual algorithm commands for PSA-CMA-ES ellipsoid continuous data: Experiments/SuiteA/ComprehensiveLibraryExperiment/Datasets/PSACMAES/ellipsoid/psa_vars.csv
2025-07-25 20:34:49,588 - __main__ - INFO - Adding individual algorithm commands for PSA-CMA-ES rastrigin continuous data: Experiments/SuiteA/ComprehensiveLibraryExperiment/Datasets/PSACMAES/rastrigin/psa_vars.csv
2025-07-25 20:34:49,589 - __main__ - INFO - Adding individual algorithm commands for PSA-CMA-ES all_benchmarks continuous data: Experiments/SuiteA/ComprehensiveLibraryExperiment/Datasets/PSACMAES/all_benchmarks.csv
2025-07-25 20:34:49,591 - __main__ - INFO - Adding individual algorithm commands for PSA-CMA-ES leave-one-out (excluding sphere) continuous data: Experiments/SuiteA/ComprehensiveLibraryExperiment/Datasets/PSACMAES/absent/sphere/psa_vars.csv
2025-07-25 20:34:49,592 - __main__ - INFO - Adding individual algorithm commands for PSA-CMA-ES leave-one-out (excluding ellipsoid) continuous data: Experiments/SuiteA/ComprehensiveLibraryExperiment/Datasets/PSACMAES/absent/ellipsoid/psa_vars.csv
2025-07-25 20:34:49,594 - __main__ - INFO - Adding individual algorithm commands for PSA-CMA-ES leave-one-out (excluding rastrigin) continuous data: Experiments/SuiteA/ComprehensiveLibraryExperiment/Datasets/PSACMAES/absent/rastrigin/psa_vars.csv
2025-07-25 20:34:49,597 - __main__ - INFO - Generated TODO.txt with evaluation commands: Experiments/SuiteA/ComprehensiveLibraryExperiment/TODO.txt
2025-07-25 20:34:49,597 - __main__ - INFO - Run './run.sh [NUM_CPUS]' in the experiment directory to execute evaluations in parallel
